<?xml version="1.0" encoding="UTF-8"?>
<!-- Generated by org.testng.reporters.JUnitReportReporter -->
<testsuite skipped="0" hostname="User-PC" name="com.apidemo.testCases.TestApi" tests="3" failures="0" timestamp="24 Sep 2018 05:36:28 GMT" time="54.281" errors="0">
  <testcase name="radioGroup" time="14.182" classname="com.apidemo.testCases.TestApi"/>
  <testcase name="animations" time="36.406" classname="com.apidemo.testCases.TestApi"/>
  <testcase name="dragDrop" time="3.693" classname="com.apidemo.testCases.TestApi"/>
</testsuite> <!-- com.apidemo.testCases.TestApi -->
